<?xml version="1.0" encoding="UTF-8"?>
<!-- Generated by org.testng.reporters.JUnitReportReporter -->
<testsuite skipped="5" hostname="DESKTOP-L24670T" name="firstTestsLogin" tests="6" failures="0" timestamp="01 Dec 2017 18:26:52 GMT" time="7.828" errors="0">
  <testcase name="TestLoginPositiv" time="7.828" classname="firstTestsLogin"/>
  <testcase name="TestLoginNegative4" classname="firstTestsLogin">
    <skipped/>
  </testcase> <!-- TestLoginNegative4 -->
  <testcase name="TestLoginNegative3" classname="firstTestsLogin">
    <skipped/>
  </testcase> <!-- TestLoginNegative3 -->
  <testcase name="TestRegistration" classname="firstTestsLogin">
    <skipped/>
  </testcase> <!-- TestRegistration -->
  <testcase name="TestLoginNegativ1" classname="firstTestsLogin">
    <skipped/>
  </testcase> <!-- TestLoginNegativ1 -->
  <testcase name="TestLoginNegativ2" classname="firstTestsLogin">
    <skipped/>
  </testcase> <!-- TestLoginNegativ2 -->
</testsuite> <!-- firstTestsLogin -->
