<?xml version="1.0" encoding="UTF-8"?>
<!-- Generated by org.testng.reporters.JUnitReportReporter -->
<testsuite skipped="0" hostname="DESKTOP-L24670T" name="testsWithTestNG.AddReportTest" tests="2" failures="0" timestamp="02 Dec 2017 03:45:54 GMT" time="26.419" errors="0">
  <testcase name="testAddReport" time="20.548" classname="testsWithTestNG.AddReportTest"/>
  <testcase name="testLogin" time="5.871" classname="testsWithTestNG.AddReportTest"/>
</testsuite> <!-- testsWithTestNG.AddReportTest -->
