<?xml version="1.0" encoding="UTF-8"?>
<!-- Generated by org.testng.reporters.JUnitReportReporter -->
<testsuite skipped="0" hostname="DESKTOP-L24670T" name="testsWithTestNG.LoginTest" tests="2" failures="0" timestamp="01 Dec 2017 21:56:29 GMT" time="6.968" errors="0">
  <testcase name="assertLogo" time="1.171" classname="testsWithTestNG.LoginTest"/>
  <testcase name="testLogin" time="5.797" classname="testsWithTestNG.LoginTest"/>
</testsuite> <!-- testsWithTestNG.LoginTest -->
