<?xml version="1.0" encoding="UTF-8"?>
<!-- Generated by org.testng.reporters.JUnitReportReporter -->
<testsuite skipped="0" hostname="DESKTOP-L24670T" name="testsWithTestNG.ChangeNameTest" tests="4" failures="0" timestamp="02 Dec 2017 00:01:55 GMT" time="9.070" errors="0">
  <testcase name="assertLogo" time="0.839" classname="testsWithTestNG.ChangeNameTest"/>
  <testcase name="testErrorForChangeName" time="1.326" classname="testsWithTestNG.ChangeNameTest"/>
  <testcase name="testLogin" time="5.698" classname="testsWithTestNG.ChangeNameTest"/>
  <testcase name="testChangeName" time="1.207" classname="testsWithTestNG.ChangeNameTest"/>
</testsuite> <!-- testsWithTestNG.ChangeNameTest -->
